-------------------------------------------------------------------------------
Test set: com.citi.card.CardTransactionServiceTest
-------------------------------------------------------------------------------
Tests run: 7, Failures: 1, Errors: 0, Skipped: 0, Time elapsed: 0.095 sec <<< FAILURE! - in com.citi.card.CardTransactionServiceTest
testBalanceAfterTransactionIsNotApproved(com.citi.card.CardTransactionServiceTest)  Time elapsed: 0.019 sec  <<< FAILURE!
java.lang.AssertionError: null
	at org.junit.Assert.fail(Assert.java:86)
	at org.junit.Assert.assertTrue(Assert.java:41)
	at org.junit.Assert.assertTrue(Assert.java:52)
	at com.citi.card.CardTransactionServiceTest.testBalanceAfterTransactionIsNotApproved(CardTransactionServiceTest.java:63)

